{"uuid":"7a86c0d6-b7de-4499-8313-b3321abb20ab","historyId":"698976013375d203d0c2b3467cd4ca86","fullName":"Automation First || Red Hybrid - MVA - Plan Management - Change Plan and Opting In/Opting Out: Check the behavior when RedHybrid user who has no/expired payment card added is trying to add a new plan from the plan tab in subscription overlay PostBeta","labels":[{"name":"tag","value":"REDHYBRID"},{"name":"tag","value":"Regression_Active_NO_Payment"},{"name":"tag","value":"1572846"},{"name":"tag","value":"POST_BETA"},{"name":"host","value":"E1180517"},{"name":"thread","value":"6638@E1180517.main(1)"},{"name":"feature","value":"Automation First || Red Hybrid - MVA - Plan Management - Change Plan and Opting In/Opting Out"},{"name":"story","value":"Check the behavior when RedHybrid user who has no/expired payment card added is trying to add a new plan from the plan tab in subscription overlay PostBeta"},{"name":"suite","value":"Automation First || Red Hybrid - MVA - Plan Management - Change Plan and Opting In/Opting Out"},{"name":"testClass","value":"Check the behavior when RedHybrid user who has no/expired payment card added is trying to add a new plan from the plan tab in subscription overlay PostBeta"},{"name":"framework","value":"cucumber4jvm"},{"name":"language","value":"java"},{"name":"gherkin_uri","value":"file:///Users/saeeda8/Projects/MVA-APP-workspace/mva-app-testing/src/test/resources/features/RedHybrid/RedHybrid_ChangeNextPlan_AddPaymentMethod.feature"},{"name":"package","value":"src.test.resources.features.RedHybrid.RedHybrid_ChangeNextPlan_AddPaymentMethod_feature.Automation First || Red Hybrid - MVA - Plan Management - Change Plan and Opting In/Opting Out"}],"links":[],"name":"Check the behavior when RedHybrid user who has no/expired payment card added is trying to add a new plan from the plan tab in subscription overlay PostBeta","status":"broken","statusDetails":{"known":false,"muted":false,"flaky":false,"message":"An unknown error has occurred\nBuild info: version: '4.13.0', revision: 'ba948ece5b*'\nSystem info: os.name: 'Mac OS X', os.arch: 'aarch64', os.version: '13.5.1', java.version: '17.0.7'\nDriver info: io.appium.java_client.ios.IOSDriver\nCommand: [ccd543f16eacab8e43c54175c510758939f9e03c, setTimeout {implicit=2000}]\nCapabilities {appium:DEVICE_NAME: iphone 13, appium:PLATFORM_VERSION: 15, appium:appActivity: com.tsse.vfuk.view.VFLaunch..., appium:appPackage: com.myvodafoneapp, appium:appUrl: bs://cc1d67c2f56fbee081dbd6..., appium:autoGrantPermissions: true, appium:automationName: xcuitest, appium:bootstrapPath: /usr/local/.browserstack/co..., appium:browserStackAccessKey: 6x9hdsbuqezga2syywqj, appium:browserStackUserName: aymansaeed_ze8ryp, appium:browserstack.isTargetBased: true, appium:browserstack.networkLogs: true, appium:build: live ios refactor drivers, appium:buildName: refactor ios, appium:buildNumber: live ios refactor drivers, appium:bundleID: com.VIS.myvodafoneUK, appium:bundleId: com.VIS.myvodafoneUK, appium:databaseEnabled: false, appium:deviceName: iPhone 13, appium:deviceOrientation: PORTRAIT, appium:javascriptEnabled: true, appium:keychainPassword: [REDACTED VALUE], appium:keychainPath: [REDACTED VALUE], appium:locationContextEnabled: false, appium:name: refactor ios, appium:networkConnectionEnabled: false, appium:newCommandTimeout: 600000, appium:noReset: true, appium:orientation: PORTRAIT, appium:project: mvaapp, appium:realMobile: true, appium:safariIgnoreFraudWarning: true, appium:safariInitialUrl: http://mobile-internet-chec..., appium:takesScreenshot: true, appium:udid: 00008110-00182D043640401E, appium:useXctestrunFile: true, appium:waitForQuiescence: false, appium:wdaStartupRetries: 3, appium:webStorageEnabled: false, appium:webkitResponseTimeout: 20000, bstack:options: {appiumVersion: 1.21.0}, platformName: IOS}\nSession ID: ccd543f16eacab8e43c54175c510758939f9e03c","trace":"org.openqa.selenium.WebDriverException: An unknown error has occurred\nBuild info: version: '4.13.0', revision: 'ba948ece5b*'\nSystem info: os.name: 'Mac OS X', os.arch: 'aarch64', os.version: '13.5.1', java.version: '17.0.7'\nDriver info: io.appium.java_client.ios.IOSDriver\nCommand: [ccd543f16eacab8e43c54175c510758939f9e03c, setTimeout {implicit=2000}]\nCapabilities {appium:DEVICE_NAME: iphone 13, appium:PLATFORM_VERSION: 15, appium:appActivity: com.tsse.vfuk.view.VFLaunch..., appium:appPackage: com.myvodafoneapp, appium:appUrl: bs://cc1d67c2f56fbee081dbd6..., appium:autoGrantPermissions: true, appium:automationName: xcuitest, appium:bootstrapPath: /usr/local/.browserstack/co..., appium:browserStackAccessKey: 6x9hdsbuqezga2syywqj, appium:browserStackUserName: aymansaeed_ze8ryp, appium:browserstack.isTargetBased: true, appium:browserstack.networkLogs: true, appium:build: live ios refactor drivers, appium:buildName: refactor ios, appium:buildNumber: live ios refactor drivers, appium:bundleID: com.VIS.myvodafoneUK, appium:bundleId: com.VIS.myvodafoneUK, appium:databaseEnabled: false, appium:deviceName: iPhone 13, appium:deviceOrientation: PORTRAIT, appium:javascriptEnabled: true, appium:keychainPassword: [REDACTED VALUE], appium:keychainPath: [REDACTED VALUE], appium:locationContextEnabled: false, appium:name: refactor ios, appium:networkConnectionEnabled: false, appium:newCommandTimeout: 600000, appium:noReset: true, appium:orientation: PORTRAIT, appium:project: mvaapp, appium:realMobile: true, appium:safariIgnoreFraudWarning: true, appium:safariInitialUrl: http://mobile-internet-chec..., appium:takesScreenshot: true, appium:udid: 00008110-00182D043640401E, appium:useXctestrunFile: true, appium:waitForQuiescence: false, appium:wdaStartupRetries: 3, appium:webStorageEnabled: false, appium:webkitResponseTimeout: 20000, bstack:options: {appiumVersion: 1.21.0}, platformName: IOS}\nSession ID: ccd543f16eacab8e43c54175c510758939f9e03c\n\tat java.base/jdk.internal.reflect.NativeConstructorAccessorImpl.newInstance0(Native Method)\n\tat java.base/jdk.internal.reflect.NativeConstructorAccessorImpl.newInstance(NativeConstructorAccessorImpl.java:77)\n\tat java.base/jdk.internal.reflect.DelegatingConstructorAccessorImpl.newInstance(DelegatingConstructorAccessorImpl.java:45)\n\tat java.base/java.lang.reflect.Constructor.newInstanceWithCaller(Constructor.java:499)\n\tat java.base/java.lang.reflect.Constructor.newInstance(Constructor.java:480)\n\tat org.openqa.selenium.remote.codec.w3c.W3CHttpResponseCodec.createException(W3CHttpResponseCodec.java:200)\n\tat org.openqa.selenium.remote.codec.w3c.W3CHttpResponseCodec.decode(W3CHttpResponseCodec.java:133)\n\tat org.openqa.selenium.remote.codec.w3c.W3CHttpResponseCodec.decode(W3CHttpResponseCodec.java:52)\n\tat org.openqa.selenium.remote.HttpCommandExecutor.execute(HttpCommandExecutor.java:191)\n\tat io.appium.java_client.remote.AppiumCommandExecutor.execute(AppiumCommandExecutor.java:250)\n\tat org.openqa.selenium.remote.RemoteWebDriver.execute(RemoteWebDriver.java:602)\n\tat org.openqa.selenium.remote.RemoteWebDriver$RemoteWebDriverOptions$RemoteTimeouts.implicitlyWait(RemoteWebDriver.java:962)\n\tat core.Hooks.getDriver(Hooks.java:64)\n\tat pages.Commons.CommonPo.<init>(CommonPo.java:18)\n\tat pages.RedHybrid.LoginFlow.RedHybrid_Login_PO.<init>(RedHybrid_Login_PO.java:11)\n\tat pages.RedHybrid.LoginFlow.RedHybrid_LoginLogic_Abstract.<init>(RedHybrid_LoginLogic_Abstract.java:8)\n\tat pages.RedHybrid.LoginFlow.RedHybrid_LoginLogic_iOS.<init>(RedHybrid_LoginLogic_iOS.java:18)\n\tat stepdefs.RedHybrid.RedHybrid_Login.<init>(RedHybrid_Login.java:29)\n\tat java.base/jdk.internal.reflect.NativeConstructorAccessorImpl.newInstance0(Native Method)\n\tat java.base/jdk.internal.reflect.NativeConstructorAccessorImpl.newInstance(NativeConstructorAccessorImpl.java:77)\n\tat java.base/jdk.internal.reflect.DelegatingConstructorAccessorImpl.newInstance(DelegatingConstructorAccessorImpl.java:45)\n\tat java.base/java.lang.reflect.Constructor.newInstanceWithCaller(Constructor.java:499)\n\tat java.base/java.lang.reflect.Constructor.newInstance(Constructor.java:480)\n\tat org.picocontainer.injectors.AbstractInjector.newInstance(AbstractInjector.java:145)\n\tat org.picocontainer.injectors.ConstructorInjector$1.run(ConstructorInjector.java:342)\n\tat org.picocontainer.injectors.AbstractInjector$ThreadLocalCyclicDependencyGuard.observe(AbstractInjector.java:270)\n\tat org.picocontainer.injectors.ConstructorInjector.getComponentInstance(ConstructorInjector.java:364)\n\tat org.picocontainer.injectors.AbstractInjectionFactory$LifecycleAdapter.getComponentInstance(AbstractInjectionFactory.java:56)\n\tat org.picocontainer.behaviors.AbstractBehavior.getComponentInstance(AbstractBehavior.java:64)\n\tat org.picocontainer.behaviors.Stored.getComponentInstance(Stored.java:91)\n\tat org.picocontainer.DefaultPicoContainer.getInstance(DefaultPicoContainer.java:699)\n\tat org.picocontainer.DefaultPicoContainer.getComponent(DefaultPicoContainer.java:647)\n\tat org.picocontainer.DefaultPicoContainer.getComponent(DefaultPicoContainer.java:678)\n\tat io.cucumber.picocontainer.PicoFactory.getInstance(PicoFactory.java:54)\n\tat io.cucumber.java.AbstractGlueDefinition.invokeMethod(AbstractGlueDefinition.java:47)\n\tat io.cucumber.java.JavaStepDefinition.execute(JavaStepDefinition.java:29)\n\tat io.cucumber.core.runner.CoreStepDefinition.execute(CoreStepDefinition.java:66)\n\tat io.cucumber.core.runner.PickleStepDefinitionMatch.runStep(PickleStepDefinitionMatch.java:63)\n\tat io.cucumber.core.runner.ExecutionMode$1.execute(ExecutionMode.java:10)\n\tat io.cucumber.core.runner.TestStep.executeStep(TestStep.java:84)\n\tat io.cucumber.core.runner.TestStep.run(TestStep.java:56)\n\tat io.cucumber.core.runner.PickleStepTestStep.run(PickleStepTestStep.java:51)\n\tat io.cucumber.core.runner.TestCase.run(TestCase.java:84)\n\tat io.cucumber.core.runner.Runner.runPickle(Runner.java:75)\n\tat io.cucumber.junit.platform.engine.CucumberEngineExecutionContext.lambda$runTestCase$4(CucumberEngineExecutionContext.java:112)\n\tat io.cucumber.core.runtime.CucumberExecutionContext.lambda$runTestCase$5(CucumberExecutionContext.java:137)\n\tat io.cucumber.core.runtime.RethrowingThrowableCollector.executeAndThrow(RethrowingThrowableCollector.java:23)\n\tat io.cucumber.core.runtime.CucumberExecutionContext.runTestCase(CucumberExecutionContext.java:137)\n\tat io.cucumber.junit.platform.engine.CucumberEngineExecutionContext.runTestCase(CucumberEngineExecutionContext.java:109)\n\tat io.cucumber.junit.platform.engine.NodeDescriptor$PickleDescriptor.execute(NodeDescriptor.java:168)\n\tat io.cucumber.junit.platform.engine.NodeDescriptor$PickleDescriptor.execute(NodeDescriptor.java:90)\n\tat org.junit.platform.engine.support.hierarchical.NodeTestTask.lambda$executeRecursively$6(NodeTestTask.java:151)\n\tat org.junit.platform.engine.support.hierarchical.ThrowableCollector.execute(ThrowableCollector.java:73)\n\tat org.junit.platform.engine.support.hierarchical.NodeTestTask.lambda$executeRecursively$8(NodeTestTask.java:141)\n\tat org.junit.platform.engine.support.hierarchical.Node.around(Node.java:137)\n\tat org.junit.platform.engine.support.hierarchical.NodeTestTask.lambda$executeRecursively$9(NodeTestTask.java:139)\n\tat org.junit.platform.engine.support.hierarchical.ThrowableCollector.execute(ThrowableCollector.java:73)\n\tat org.junit.platform.engine.support.hierarchical.NodeTestTask.executeRecursively(NodeTestTask.java:138)\n\tat org.junit.platform.engine.support.hierarchical.NodeTestTask.execute(NodeTestTask.java:95)\n\tat java.base/java.util.ArrayList.forEach(ArrayList.java:1511)\n\tat org.junit.platform.engine.support.hierarchical.SameThreadHierarchicalTestExecutorService.invokeAll(SameThreadHierarchicalTestExecutorService.java:41)\n\tat org.junit.platform.engine.support.hierarchical.NodeTestTask.lambda$executeRecursively$6(NodeTestTask.java:155)\n\tat org.junit.platform.engine.support.hierarchical.ThrowableCollector.execute(ThrowableCollector.java:73)\n\tat org.junit.platform.engine.support.hierarchical.NodeTestTask.lambda$executeRecursively$8(NodeTestTask.java:141)\n\tat org.junit.platform.engine.support.hierarchical.Node.around(Node.java:137)\n\tat org.junit.platform.engine.support.hierarchical.NodeTestTask.lambda$executeRecursively$9(NodeTestTask.java:139)\n\tat org.junit.platform.engine.support.hierarchical.ThrowableCollector.execute(ThrowableCollector.java:73)\n\tat org.junit.platform.engine.support.hierarchical.NodeTestTask.executeRecursively(NodeTestTask.java:138)\n\tat org.junit.platform.engine.support.hierarchical.NodeTestTask.execute(NodeTestTask.java:95)\n\tat java.base/java.util.ArrayList.forEach(ArrayList.java:1511)\n\tat org.junit.platform.engine.support.hierarchical.SameThreadHierarchicalTestExecutorService.invokeAll(SameThreadHierarchicalTestExecutorService.java:41)\n\tat org.junit.platform.engine.support.hierarchical.NodeTestTask.lambda$executeRecursively$6(NodeTestTask.java:155)\n\tat org.junit.platform.engine.support.hierarchical.ThrowableCollector.execute(ThrowableCollector.java:73)\n\tat org.junit.platform.engine.support.hierarchical.NodeTestTask.lambda$executeRecursively$8(NodeTestTask.java:141)\n\tat org.junit.platform.engine.support.hierarchical.Node.around(Node.java:137)\n\tat org.junit.platform.engine.support.hierarchical.NodeTestTask.lambda$executeRecursively$9(NodeTestTask.java:139)\n\tat org.junit.platform.engine.support.hierarchical.ThrowableCollector.execute(ThrowableCollector.java:73)\n\tat org.junit.platform.engine.support.hierarchical.NodeTestTask.executeRecursively(NodeTestTask.java:138)\n\tat org.junit.platform.engine.support.hierarchical.NodeTestTask.execute(NodeTestTask.java:95)\n\tat org.junit.platform.engine.support.hierarchical.SameThreadHierarchicalTestExecutorService.submit(SameThreadHierarchicalTestExecutorService.java:35)\n\tat org.junit.platform.engine.support.hierarchical.HierarchicalTestExecutor.execute(HierarchicalTestExecutor.java:57)\n\tat org.junit.platform.engine.support.hierarchical.HierarchicalTestEngine.execute(HierarchicalTestEngine.java:54)\n\tat org.junit.platform.launcher.core.EngineExecutionOrchestrator.execute(EngineExecutionOrchestrator.java:147)\n\tat org.junit.platform.launcher.core.EngineExecutionOrchestrator.execute(EngineExecutionOrchestrator.java:127)\n\tat org.junit.platform.launcher.core.EngineExecutionOrchestrator.execute(EngineExecutionOrchestrator.java:90)\n\tat org.junit.platform.launcher.core.EngineExecutionOrchestrator.lambda$execute$0(EngineExecutionOrchestrator.java:55)\n\tat org.junit.platform.launcher.core.EngineExecutionOrchestrator.withInterceptedStreams(EngineExecutionOrchestrator.java:102)\n\tat org.junit.platform.launcher.core.EngineExecutionOrchestrator.execute(EngineExecutionOrchestrator.java:54)\n\tat org.junit.platform.launcher.core.DefaultLauncher.execute(DefaultLauncher.java:114)\n\tat org.junit.platform.launcher.core.DefaultLauncher.execute(DefaultLauncher.java:86)\n\tat org.junit.platform.launcher.core.DefaultLauncherSession$DelegatingLauncher.execute(DefaultLauncherSession.java:86)\n\tat org.apache.maven.surefire.junitplatform.LazyLauncher.execute(LazyLauncher.java:55)\n\tat org.apache.maven.surefire.junitplatform.JUnitPlatformProvider.execute(JUnitPlatformProvider.java:223)\n\tat org.apache.maven.surefire.junitplatform.JUnitPlatformProvider.invokeAllTests(JUnitPlatformProvider.java:175)\n\tat org.apache.maven.surefire.junitplatform.JUnitPlatformProvider.invoke(JUnitPlatformProvider.java:139)\n\tat org.apache.maven.surefire.booter.ForkedBooter.runSuitesInProcess(ForkedBooter.java:456)\n\tat org.apache.maven.surefire.booter.ForkedBooter.execute(ForkedBooter.java:169)\n\tat org.apache.maven.surefire.booter.ForkedBooter.run(ForkedBooter.java:595)\n\tat org.apache.maven.surefire.booter.ForkedBooter.main(ForkedBooter.java:581)\n"},"stage":"finished","steps":[{"name":"Given  I am MVA user and logged in using Soft Login","status":"broken","statusDetails":{"known":false,"muted":false,"flaky":false,"message":"An unknown error has occurred\nBuild info: version: '4.13.0', revision: 'ba948ece5b*'\nSystem info: os.name: 'Mac OS X', os.arch: 'aarch64', os.version: '13.5.1', java.version: '17.0.7'\nDriver info: io.appium.java_client.ios.IOSDriver\nCommand: [ccd543f16eacab8e43c54175c510758939f9e03c, setTimeout {implicit=2000}]\nCapabilities {appium:DEVICE_NAME: iphone 13, appium:PLATFORM_VERSION: 15, appium:appActivity: com.tsse.vfuk.view.VFLaunch..., appium:appPackage: com.myvodafoneapp, appium:appUrl: bs://cc1d67c2f56fbee081dbd6..., appium:autoGrantPermissions: true, appium:automationName: xcuitest, appium:bootstrapPath: /usr/local/.browserstack/co..., appium:browserStackAccessKey: 6x9hdsbuqezga2syywqj, appium:browserStackUserName: aymansaeed_ze8ryp, appium:browserstack.isTargetBased: true, appium:browserstack.networkLogs: true, appium:build: live ios refactor drivers, appium:buildName: refactor ios, appium:buildNumber: live ios refactor drivers, appium:bundleID: com.VIS.myvodafoneUK, appium:bundleId: com.VIS.myvodafoneUK, appium:databaseEnabled: false, appium:deviceName: iPhone 13, appium:deviceOrientation: PORTRAIT, appium:javascriptEnabled: true, appium:keychainPassword: [REDACTED VALUE], appium:keychainPath: [REDACTED VALUE], appium:locationContextEnabled: false, appium:name: refactor ios, appium:networkConnectionEnabled: false, appium:newCommandTimeout: 600000, appium:noReset: true, appium:orientation: PORTRAIT, appium:project: mvaapp, appium:realMobile: true, appium:safariIgnoreFraudWarning: true, appium:safariInitialUrl: http://mobile-internet-chec..., appium:takesScreenshot: true, appium:udid: 00008110-00182D043640401E, appium:useXctestrunFile: true, appium:waitForQuiescence: false, appium:wdaStartupRetries: 3, appium:webStorageEnabled: false, appium:webkitResponseTimeout: 20000, bstack:options: {appiumVersion: 1.21.0}, platformName: IOS}\nSession ID: ccd543f16eacab8e43c54175c510758939f9e03c","trace":"org.openqa.selenium.WebDriverException: An unknown error has occurred\nBuild info: version: '4.13.0', revision: 'ba948ece5b*'\nSystem info: os.name: 'Mac OS X', os.arch: 'aarch64', os.version: '13.5.1', java.version: '17.0.7'\nDriver info: io.appium.java_client.ios.IOSDriver\nCommand: [ccd543f16eacab8e43c54175c510758939f9e03c, setTimeout {implicit=2000}]\nCapabilities {appium:DEVICE_NAME: iphone 13, appium:PLATFORM_VERSION: 15, appium:appActivity: com.tsse.vfuk.view.VFLaunch..., appium:appPackage: com.myvodafoneapp, appium:appUrl: bs://cc1d67c2f56fbee081dbd6..., appium:autoGrantPermissions: true, appium:automationName: xcuitest, appium:bootstrapPath: /usr/local/.browserstack/co..., appium:browserStackAccessKey: 6x9hdsbuqezga2syywqj, appium:browserStackUserName: aymansaeed_ze8ryp, appium:browserstack.isTargetBased: true, appium:browserstack.networkLogs: true, appium:build: live ios refactor drivers, appium:buildName: refactor ios, appium:buildNumber: live ios refactor drivers, appium:bundleID: com.VIS.myvodafoneUK, appium:bundleId: com.VIS.myvodafoneUK, appium:databaseEnabled: false, appium:deviceName: iPhone 13, appium:deviceOrientation: PORTRAIT, appium:javascriptEnabled: true, appium:keychainPassword: [REDACTED VALUE], appium:keychainPath: [REDACTED VALUE], appium:locationContextEnabled: false, appium:name: refactor ios, appium:networkConnectionEnabled: false, appium:newCommandTimeout: 600000, appium:noReset: true, appium:orientation: PORTRAIT, appium:project: mvaapp, appium:realMobile: true, appium:safariIgnoreFraudWarning: true, appium:safariInitialUrl: http://mobile-internet-chec..., appium:takesScreenshot: true, appium:udid: 00008110-00182D043640401E, appium:useXctestrunFile: true, appium:waitForQuiescence: false, appium:wdaStartupRetries: 3, appium:webStorageEnabled: false, appium:webkitResponseTimeout: 20000, bstack:options: {appiumVersion: 1.21.0}, platformName: IOS}\nSession ID: ccd543f16eacab8e43c54175c510758939f9e03c\n\tat java.base/jdk.internal.reflect.NativeConstructorAccessorImpl.newInstance0(Native Method)\n\tat java.base/jdk.internal.reflect.NativeConstructorAccessorImpl.newInstance(NativeConstructorAccessorImpl.java:77)\n\tat java.base/jdk.internal.reflect.DelegatingConstructorAccessorImpl.newInstance(DelegatingConstructorAccessorImpl.java:45)\n\tat java.base/java.lang.reflect.Constructor.newInstanceWithCaller(Constructor.java:499)\n\tat java.base/java.lang.reflect.Constructor.newInstance(Constructor.java:480)\n\tat org.openqa.selenium.remote.codec.w3c.W3CHttpResponseCodec.createException(W3CHttpResponseCodec.java:200)\n\tat org.openqa.selenium.remote.codec.w3c.W3CHttpResponseCodec.decode(W3CHttpResponseCodec.java:133)\n\tat org.openqa.selenium.remote.codec.w3c.W3CHttpResponseCodec.decode(W3CHttpResponseCodec.java:52)\n\tat org.openqa.selenium.remote.HttpCommandExecutor.execute(HttpCommandExecutor.java:191)\n\tat io.appium.java_client.remote.AppiumCommandExecutor.execute(AppiumCommandExecutor.java:250)\n\tat org.openqa.selenium.remote.RemoteWebDriver.execute(RemoteWebDriver.java:602)\n\tat org.openqa.selenium.remote.RemoteWebDriver$RemoteWebDriverOptions$RemoteTimeouts.implicitlyWait(RemoteWebDriver.java:962)\n\tat core.Hooks.getDriver(Hooks.java:64)\n\tat pages.Commons.CommonPo.<init>(CommonPo.java:18)\n\tat pages.RedHybrid.LoginFlow.RedHybrid_Login_PO.<init>(RedHybrid_Login_PO.java:11)\n\tat pages.RedHybrid.LoginFlow.RedHybrid_LoginLogic_Abstract.<init>(RedHybrid_LoginLogic_Abstract.java:8)\n\tat pages.RedHybrid.LoginFlow.RedHybrid_LoginLogic_iOS.<init>(RedHybrid_LoginLogic_iOS.java:18)\n\tat stepdefs.RedHybrid.RedHybrid_Login.<init>(RedHybrid_Login.java:29)\n\tat java.base/jdk.internal.reflect.NativeConstructorAccessorImpl.newInstance0(Native Method)\n\tat java.base/jdk.internal.reflect.NativeConstructorAccessorImpl.newInstance(NativeConstructorAccessorImpl.java:77)\n\tat java.base/jdk.internal.reflect.DelegatingConstructorAccessorImpl.newInstance(DelegatingConstructorAccessorImpl.java:45)\n\tat java.base/java.lang.reflect.Constructor.newInstanceWithCaller(Constructor.java:499)\n\tat java.base/java.lang.reflect.Constructor.newInstance(Constructor.java:480)\n\tat org.picocontainer.injectors.AbstractInjector.newInstance(AbstractInjector.java:145)\n\tat org.picocontainer.injectors.ConstructorInjector$1.run(ConstructorInjector.java:342)\n\tat org.picocontainer.injectors.AbstractInjector$ThreadLocalCyclicDependencyGuard.observe(AbstractInjector.java:270)\n\tat org.picocontainer.injectors.ConstructorInjector.getComponentInstance(ConstructorInjector.java:364)\n\tat org.picocontainer.injectors.AbstractInjectionFactory$LifecycleAdapter.getComponentInstance(AbstractInjectionFactory.java:56)\n\tat org.picocontainer.behaviors.AbstractBehavior.getComponentInstance(AbstractBehavior.java:64)\n\tat org.picocontainer.behaviors.Stored.getComponentInstance(Stored.java:91)\n\tat org.picocontainer.DefaultPicoContainer.getInstance(DefaultPicoContainer.java:699)\n\tat org.picocontainer.DefaultPicoContainer.getComponent(DefaultPicoContainer.java:647)\n\tat org.picocontainer.DefaultPicoContainer.getComponent(DefaultPicoContainer.java:678)\n\tat io.cucumber.picocontainer.PicoFactory.getInstance(PicoFactory.java:54)\n\tat io.cucumber.java.AbstractGlueDefinition.invokeMethod(AbstractGlueDefinition.java:47)\n\tat io.cucumber.java.JavaStepDefinition.execute(JavaStepDefinition.java:29)\n\tat io.cucumber.core.runner.CoreStepDefinition.execute(CoreStepDefinition.java:66)\n\tat io.cucumber.core.runner.PickleStepDefinitionMatch.runStep(PickleStepDefinitionMatch.java:63)\n\tat io.cucumber.core.runner.ExecutionMode$1.execute(ExecutionMode.java:10)\n\tat io.cucumber.core.runner.TestStep.executeStep(TestStep.java:84)\n\tat io.cucumber.core.runner.TestStep.run(TestStep.java:56)\n\tat io.cucumber.core.runner.PickleStepTestStep.run(PickleStepTestStep.java:51)\n\tat io.cucumber.core.runner.TestCase.run(TestCase.java:84)\n\tat io.cucumber.core.runner.Runner.runPickle(Runner.java:75)\n\tat io.cucumber.junit.platform.engine.CucumberEngineExecutionContext.lambda$runTestCase$4(CucumberEngineExecutionContext.java:112)\n\tat io.cucumber.core.runtime.CucumberExecutionContext.lambda$runTestCase$5(CucumberExecutionContext.java:137)\n\tat io.cucumber.core.runtime.RethrowingThrowableCollector.executeAndThrow(RethrowingThrowableCollector.java:23)\n\tat io.cucumber.core.runtime.CucumberExecutionContext.runTestCase(CucumberExecutionContext.java:137)\n\tat io.cucumber.junit.platform.engine.CucumberEngineExecutionContext.runTestCase(CucumberEngineExecutionContext.java:109)\n\tat io.cucumber.junit.platform.engine.NodeDescriptor$PickleDescriptor.execute(NodeDescriptor.java:168)\n\tat io.cucumber.junit.platform.engine.NodeDescriptor$PickleDescriptor.execute(NodeDescriptor.java:90)\n\tat org.junit.platform.engine.support.hierarchical.NodeTestTask.lambda$executeRecursively$6(NodeTestTask.java:151)\n\tat org.junit.platform.engine.support.hierarchical.ThrowableCollector.execute(ThrowableCollector.java:73)\n\tat org.junit.platform.engine.support.hierarchical.NodeTestTask.lambda$executeRecursively$8(NodeTestTask.java:141)\n\tat org.junit.platform.engine.support.hierarchical.Node.around(Node.java:137)\n\tat org.junit.platform.engine.support.hierarchical.NodeTestTask.lambda$executeRecursively$9(NodeTestTask.java:139)\n\tat org.junit.platform.engine.support.hierarchical.ThrowableCollector.execute(ThrowableCollector.java:73)\n\tat org.junit.platform.engine.support.hierarchical.NodeTestTask.executeRecursively(NodeTestTask.java:138)\n\tat org.junit.platform.engine.support.hierarchical.NodeTestTask.execute(NodeTestTask.java:95)\n\tat java.base/java.util.ArrayList.forEach(ArrayList.java:1511)\n\tat org.junit.platform.engine.support.hierarchical.SameThreadHierarchicalTestExecutorService.invokeAll(SameThreadHierarchicalTestExecutorService.java:41)\n\tat org.junit.platform.engine.support.hierarchical.NodeTestTask.lambda$executeRecursively$6(NodeTestTask.java:155)\n\tat org.junit.platform.engine.support.hierarchical.ThrowableCollector.execute(ThrowableCollector.java:73)\n\tat org.junit.platform.engine.support.hierarchical.NodeTestTask.lambda$executeRecursively$8(NodeTestTask.java:141)\n\tat org.junit.platform.engine.support.hierarchical.Node.around(Node.java:137)\n\tat org.junit.platform.engine.support.hierarchical.NodeTestTask.lambda$executeRecursively$9(NodeTestTask.java:139)\n\tat org.junit.platform.engine.support.hierarchical.ThrowableCollector.execute(ThrowableCollector.java:73)\n\tat org.junit.platform.engine.support.hierarchical.NodeTestTask.executeRecursively(NodeTestTask.java:138)\n\tat org.junit.platform.engine.support.hierarchical.NodeTestTask.execute(NodeTestTask.java:95)\n\tat java.base/java.util.ArrayList.forEach(ArrayList.java:1511)\n\tat org.junit.platform.engine.support.hierarchical.SameThreadHierarchicalTestExecutorService.invokeAll(SameThreadHierarchicalTestExecutorService.java:41)\n\tat org.junit.platform.engine.support.hierarchical.NodeTestTask.lambda$executeRecursively$6(NodeTestTask.java:155)\n\tat org.junit.platform.engine.support.hierarchical.ThrowableCollector.execute(ThrowableCollector.java:73)\n\tat org.junit.platform.engine.support.hierarchical.NodeTestTask.lambda$executeRecursively$8(NodeTestTask.java:141)\n\tat org.junit.platform.engine.support.hierarchical.Node.around(Node.java:137)\n\tat org.junit.platform.engine.support.hierarchical.NodeTestTask.lambda$executeRecursively$9(NodeTestTask.java:139)\n\tat org.junit.platform.engine.support.hierarchical.ThrowableCollector.execute(ThrowableCollector.java:73)\n\tat org.junit.platform.engine.support.hierarchical.NodeTestTask.executeRecursively(NodeTestTask.java:138)\n\tat org.junit.platform.engine.support.hierarchical.NodeTestTask.execute(NodeTestTask.java:95)\n\tat org.junit.platform.engine.support.hierarchical.SameThreadHierarchicalTestExecutorService.submit(SameThreadHierarchicalTestExecutorService.java:35)\n\tat org.junit.platform.engine.support.hierarchical.HierarchicalTestExecutor.execute(HierarchicalTestExecutor.java:57)\n\tat org.junit.platform.engine.support.hierarchical.HierarchicalTestEngine.execute(HierarchicalTestEngine.java:54)\n\tat org.junit.platform.launcher.core.EngineExecutionOrchestrator.execute(EngineExecutionOrchestrator.java:147)\n\tat org.junit.platform.launcher.core.EngineExecutionOrchestrator.execute(EngineExecutionOrchestrator.java:127)\n\tat org.junit.platform.launcher.core.EngineExecutionOrchestrator.execute(EngineExecutionOrchestrator.java:90)\n\tat org.junit.platform.launcher.core.EngineExecutionOrchestrator.lambda$execute$0(EngineExecutionOrchestrator.java:55)\n\tat org.junit.platform.launcher.core.EngineExecutionOrchestrator.withInterceptedStreams(EngineExecutionOrchestrator.java:102)\n\tat org.junit.platform.launcher.core.EngineExecutionOrchestrator.execute(EngineExecutionOrchestrator.java:54)\n\tat org.junit.platform.launcher.core.DefaultLauncher.execute(DefaultLauncher.java:114)\n\tat org.junit.platform.launcher.core.DefaultLauncher.execute(DefaultLauncher.java:86)\n\tat org.junit.platform.launcher.core.DefaultLauncherSession$DelegatingLauncher.execute(DefaultLauncherSession.java:86)\n\tat org.apache.maven.surefire.junitplatform.LazyLauncher.execute(LazyLauncher.java:55)\n\tat org.apache.maven.surefire.junitplatform.JUnitPlatformProvider.execute(JUnitPlatformProvider.java:223)\n\tat org.apache.maven.surefire.junitplatform.JUnitPlatformProvider.invokeAllTests(JUnitPlatformProvider.java:175)\n\tat org.apache.maven.surefire.junitplatform.JUnitPlatformProvider.invoke(JUnitPlatformProvider.java:139)\n\tat org.apache.maven.surefire.booter.ForkedBooter.runSuitesInProcess(ForkedBooter.java:456)\n\tat org.apache.maven.surefire.booter.ForkedBooter.execute(ForkedBooter.java:169)\n\tat org.apache.maven.surefire.booter.ForkedBooter.run(ForkedBooter.java:595)\n\tat org.apache.maven.surefire.booter.ForkedBooter.main(ForkedBooter.java:581)\n"},"stage":"finished","steps":[],"attachments":[],"parameters":[],"start":1703428989499,"stop":1703428990963},{"name":"When  RedHybrid Navigated to Plantab","status":"skipped","statusDetails":{"known":false,"muted":false,"flaky":false},"stage":"finished","steps":[],"attachments":[],"parameters":[],"start":1703428990967,"stop":1703428990968},{"name":"And  user clicks on Change Plan CTA","status":"skipped","statusDetails":{"known":false,"muted":false,"flaky":false},"stage":"finished","steps":[],"attachments":[],"parameters":[],"start":1703428990968,"stop":1703428990968},{"name":"Then  I Should Validate Change plan overlay UI","status":"skipped","statusDetails":{"known":false,"muted":false,"flaky":false},"stage":"finished","steps":[],"attachments":[],"parameters":[],"start":1703428990968,"stop":1703428990969},{"name":"And  I Select Change plan for next month Card and click continue CTA","status":"skipped","statusDetails":{"known":false,"muted":false,"flaky":false},"stage":"finished","steps":[],"attachments":[],"parameters":[],"start":1703428990970,"stop":1703428990973},{"name":"Then  I should be navigated to an overlay to 'Add a new payment method' while trying to 'change-next'","status":"skipped","statusDetails":{"known":false,"muted":false,"flaky":false},"stage":"finished","steps":[],"attachments":[],"parameters":[],"start":1703428990974,"stop":1703428990974},{"name":"And  I should not see the Skip CTA","status":"skipped","statusDetails":{"known":false,"muted":false,"flaky":false},"stage":"finished","steps":[],"attachments":[],"parameters":[],"start":1703428990974,"stop":1703428990974}],"attachments":[],"parameters":[],"start":1703428989476,"stop":1703428992709}