{"uuid":"a2d25194-60af-4d22-9538-102bb86a6f51","historyId":"548165c9266f490ef294910569334b54","fullName":"Feature 568177: Red Hybrid - MVA - Renew Early: Check the Content of Renew Early bundles and UI is retrieved correctly After clicking on \"Renew plan early\" at quick links menu_Func","labels":[{"name":"tag","value":"RedHybrid"},{"name":"tag","value":"4G"},{"name":"tag","value":"REDHYBRID"},{"name":"tag","value":"ActivePlan"},{"name":"tag","value":"POST_BETA"},{"name":"tag","value":"TC_1030360"},{"name":"tag","value":"TC_1030363"},{"name":"host","value":"E1180517"},{"name":"thread","value":"4671@E1180517.main(1)"},{"name":"feature","value":"Feature 568177: Red Hybrid - MVA - Renew Early"},{"name":"story","value":"Check the Content of Renew Early bundles and UI is retrieved correctly After clicking on \"Renew plan early\" at quick links menu_Func"},{"name":"suite","value":"Feature 568177: Red Hybrid - MVA - Renew Early"},{"name":"testClass","value":"Check the Content of Renew Early bundles and UI is retrieved correctly After clicking on \"Renew plan early\" at quick links menu_Func"},{"name":"framework","value":"cucumber4jvm"},{"name":"language","value":"java"},{"name":"gherkin_uri","value":"file:///Users/saeeda8/Projects/MVA-APP-workspace/mva-app-testing/src/test/resources/features/RedHybrid/RenewPlanEarly.feature"},{"name":"package","value":"src.test.resources.features.RedHybrid.RenewPlanEarly_feature.Feature 568177: Red Hybrid - MVA - Renew Early"}],"links":[],"name":"Check the Content of Renew Early bundles and UI is retrieved correctly After clicking on \"Renew plan early\" at quick links menu_Func","status":"skipped","statusDetails":{"known":false,"muted":false,"flaky":false,"message":"org.openqa.selenium.WebDriverException: An unknown error has occurred\nBuild info: version: '4.13.0', revision: 'ba948ece5b*'\nSystem info: os.name: 'Mac OS X', os.arch: 'aarch64', os.version: '13.5.1', java.version: '17.0.7'\nDriver info: io.appium.java_client.ios.IOSDriver\nCommand: [3124530ff566d6cdb68cd9aab25ddfbc789593d8, findElements {using=id, value=INT-1}]\nCapabilities {appium:DEVICE_NAME: iphone 14 pro, appium:PLATFORM_VERSION: 16, appium:appActivity: com.tsse.vfuk.view.VFLaunch..., appium:appPackage: com.myvodafoneapp, appium:appUrl: bs://cc1d67c2f56fbee081dbd6..., appium:autoGrantPermissions: true, appium:automationName: xcuitest, appium:bootstrapPath: /usr/local/.browserstack/co..., appium:browserStackAccessKey: 6x9hdsbuqezga2syywqj, appium:browserStackUserName: aymansaeed_ze8ryp, appium:browserstack.isTargetBased: true, appium:browserstack.networkLogs: true, appium:build: rh postbeta, appium:buildName: pstbeta, appium:buildNumber: rh postbeta, appium:bundleID: com.VIS.myvodafoneUK, appium:bundleId: com.VIS.myvodafoneUK, appium:databaseEnabled: false, appium:deviceName: iPhone 14 Pro, appium:deviceOrientation: PORTRAIT, appium:javascriptEnabled: true, appium:keychainPassword: [REDACTED VALUE], appium:keychainPath: [REDACTED VALUE], appium:locationContextEnabled: false, appium:name: pstbeta, appium:networkConnectionEnabled: false, appium:newCommandTimeout: 600000, appium:noReset: true, appium:orientation: PORTRAIT, appium:project: mvaapp, appium:realMobile: true, appium:safariIgnoreFraudWarning: true, appium:safariInitialUrl: http://mobile-internet-chec..., appium:takesScreenshot: true, appium:udid: 00008120-001A0D84346BC01E, appium:useXctestrunFile: true, appium:waitForQuiescence: false, appium:wdaStartupRetries: 3, appium:webStorageEnabled: false, appium:webkitResponseTimeout: 20000, bstack:options: {appiumVersion: 1.21.0}, platformName: IOS}\nSession ID: 3124530ff566d6cdb68cd9aab25ddfbc789593d8","trace":"org.openqa.selenium.WebDriverException: org.openqa.selenium.WebDriverException: An unknown error has occurred\nBuild info: version: '4.13.0', revision: 'ba948ece5b*'\nSystem info: os.name: 'Mac OS X', os.arch: 'aarch64', os.version: '13.5.1', java.version: '17.0.7'\nDriver info: io.appium.java_client.ios.IOSDriver\nCommand: [3124530ff566d6cdb68cd9aab25ddfbc789593d8, findElements {using=id, value=INT-1}]\nCapabilities {appium:DEVICE_NAME: iphone 14 pro, appium:PLATFORM_VERSION: 16, appium:appActivity: com.tsse.vfuk.view.VFLaunch..., appium:appPackage: com.myvodafoneapp, appium:appUrl: bs://cc1d67c2f56fbee081dbd6..., appium:autoGrantPermissions: true, appium:automationName: xcuitest, appium:bootstrapPath: /usr/local/.browserstack/co..., appium:browserStackAccessKey: 6x9hdsbuqezga2syywqj, appium:browserStackUserName: aymansaeed_ze8ryp, appium:browserstack.isTargetBased: true, appium:browserstack.networkLogs: true, appium:build: rh postbeta, appium:buildName: pstbeta, appium:buildNumber: rh postbeta, appium:bundleID: com.VIS.myvodafoneUK, appium:bundleId: com.VIS.myvodafoneUK, appium:databaseEnabled: false, appium:deviceName: iPhone 14 Pro, appium:deviceOrientation: PORTRAIT, appium:javascriptEnabled: true, appium:keychainPassword: [REDACTED VALUE], appium:keychainPath: [REDACTED VALUE], appium:locationContextEnabled: false, appium:name: pstbeta, appium:networkConnectionEnabled: false, appium:newCommandTimeout: 600000, appium:noReset: true, appium:orientation: PORTRAIT, appium:project: mvaapp, appium:realMobile: true, appium:safariIgnoreFraudWarning: true, appium:safariInitialUrl: http://mobile-internet-chec..., appium:takesScreenshot: true, appium:udid: 00008120-001A0D84346BC01E, appium:useXctestrunFile: true, appium:waitForQuiescence: false, appium:wdaStartupRetries: 3, appium:webStorageEnabled: false, appium:webkitResponseTimeout: 20000, bstack:options: {appiumVersion: 1.21.0}, platformName: IOS}\nSession ID: 3124530ff566d6cdb68cd9aab25ddfbc789593d8\n\tat io.appium.java_client.pagefactory.AppiumElementLocator$WaitingFunction.apply(AppiumElementLocator.java:191)\n\tat io.appium.java_client.pagefactory.AppiumElementLocator$WaitingFunction.apply(AppiumElementLocator.java:164)\n\tat org.openqa.selenium.support.ui.FluentWait.until(FluentWait.java:205)\n\tat io.appium.java_client.pagefactory.AppiumElementLocator.waitFor(AppiumElementLocator.java:98)\n\tat io.appium.java_client.pagefactory.AppiumElementLocator.findElement(AppiumElementLocator.java:118)\n\tat io.appium.java_client.pagefactory.interceptors.InterceptorOfASingleElement.call(InterceptorOfASingleElement.java:54)\n\tat io.appium.java_client.proxy.Interceptor.intercept(Interceptor.java:75)\n\tat org.openqa.selenium.remote.RemoteWebElement$ByteBuddy$gFt2bxcU.getLocation(Unknown Source)\n\tat utils.element_helpers.ScrollHelpers.isElementWithinScreenView(ScrollHelpers.java:89)\n\tat utils.element_helpers.ScrollHelpers.iosScrollToElement(ScrollHelpers.java:76)\n\tat pages.DevSettings.DevSettingsiOS.SelectServer(DevSettingsiOS.java:77)\n\tat pages.DevSettings.DevSettingsiOS.setDevSetting(DevSettingsiOS.java:31)\n\tat core.Hooks.beforeAll(Hooks.java:224)\nCaused by: org.openqa.selenium.WebDriverException: An unknown error has occurred\nBuild info: version: '4.13.0', revision: 'ba948ece5b*'\nSystem info: os.name: 'Mac OS X', os.arch: 'aarch64', os.version: '13.5.1', java.version: '17.0.7'\nDriver info: io.appium.java_client.ios.IOSDriver\nCommand: [3124530ff566d6cdb68cd9aab25ddfbc789593d8, findElements {using=id, value=INT-1}]\nCapabilities {appium:DEVICE_NAME: iphone 14 pro, appium:PLATFORM_VERSION: 16, appium:appActivity: com.tsse.vfuk.view.VFLaunch..., appium:appPackage: com.myvodafoneapp, appium:appUrl: bs://cc1d67c2f56fbee081dbd6..., appium:autoGrantPermissions: true, appium:automationName: xcuitest, appium:bootstrapPath: /usr/local/.browserstack/co..., appium:browserStackAccessKey: 6x9hdsbuqezga2syywqj, appium:browserStackUserName: aymansaeed_ze8ryp, appium:browserstack.isTargetBased: true, appium:browserstack.networkLogs: true, appium:build: rh postbeta, appium:buildName: pstbeta, appium:buildNumber: rh postbeta, appium:bundleID: com.VIS.myvodafoneUK, appium:bundleId: com.VIS.myvodafoneUK, appium:databaseEnabled: false, appium:deviceName: iPhone 14 Pro, appium:deviceOrientation: PORTRAIT, appium:javascriptEnabled: true, appium:keychainPassword: [REDACTED VALUE], appium:keychainPath: [REDACTED VALUE], appium:locationContextEnabled: false, appium:name: pstbeta, appium:networkConnectionEnabled: false, appium:newCommandTimeout: 600000, appium:noReset: true, appium:orientation: PORTRAIT, appium:project: mvaapp, appium:realMobile: true, appium:safariIgnoreFraudWarning: true, appium:safariInitialUrl: http://mobile-internet-chec..., appium:takesScreenshot: true, appium:udid: 00008120-001A0D84346BC01E, appium:useXctestrunFile: true, appium:waitForQuiescence: false, appium:wdaStartupRetries: 3, appium:webStorageEnabled: false, appium:webkitResponseTimeout: 20000, bstack:options: {appiumVersion: 1.21.0}, platformName: IOS}\nSession ID: 3124530ff566d6cdb68cd9aab25ddfbc789593d8\n\tat java.base/jdk.internal.reflect.NativeConstructorAccessorImpl.newInstance0(Native Method)\n\tat java.base/jdk.internal.reflect.NativeConstructorAccessorImpl.newInstance(NativeConstructorAccessorImpl.java:77)\n\tat java.base/jdk.internal.reflect.DelegatingConstructorAccessorImpl.newInstance(DelegatingConstructorAccessorImpl.java:45)\n\tat java.base/java.lang.reflect.Constructor.newInstanceWithCaller(Constructor.java:499)\n\tat java.base/java.lang.reflect.Constructor.newInstance(Constructor.java:480)\n\tat org.openqa.selenium.remote.codec.w3c.W3CHttpResponseCodec.createException(W3CHttpResponseCodec.java:200)\n\tat org.openqa.selenium.remote.codec.w3c.W3CHttpResponseCodec.decode(W3CHttpResponseCodec.java:133)\n\tat org.openqa.selenium.remote.codec.w3c.W3CHttpResponseCodec.decode(W3CHttpResponseCodec.java:52)\n\tat org.openqa.selenium.remote.HttpCommandExecutor.execute(HttpCommandExecutor.java:191)\n\tat io.appium.java_client.remote.AppiumCommandExecutor.execute(AppiumCommandExecutor.java:250)\n\tat org.openqa.selenium.remote.RemoteWebDriver.execute(RemoteWebDriver.java:602)\n\tat org.openqa.selenium.remote.ElementLocation$ElementFinder$2.findElements(ElementLocation.java:182)\n\tat org.openqa.selenium.remote.ElementLocation.findElements(ElementLocation.java:103)\n\tat org.openqa.selenium.remote.RemoteWebDriver.findElements(RemoteWebDriver.java:372)\n\tat org.openqa.selenium.remote.RemoteWebDriver.findElements(RemoteWebDriver.java:366)\n\tat org.openqa.selenium.support.pagefactory.ByAll.findElement(ByAll.java:52)\n\tat org.openqa.selenium.remote.ElementLocation$ElementFinder$1.findElement(ElementLocation.java:139)\n\tat org.openqa.selenium.remote.ElementLocation.findElement(ElementLocation.java:59)\n\tat org.openqa.selenium.remote.RemoteWebDriver.findElement(RemoteWebDriver.java:359)\n\tat org.openqa.selenium.remote.RemoteWebDriver.findElement(RemoteWebDriver.java:353)\n\tat io.appium.java_client.pagefactory.bys.ContentMappedBy.findElement(ContentMappedBy.java:50)\n\tat org.openqa.selenium.remote.ElementLocation$ElementFinder$1.findElement(ElementLocation.java:139)\n\tat org.openqa.selenium.remote.ElementLocation.findElement(ElementLocation.java:59)\n\tat org.openqa.selenium.remote.RemoteWebDriver.findElement(RemoteWebDriver.java:359)\n\tat org.openqa.selenium.remote.RemoteWebDriver.findElement(RemoteWebDriver.java:353)\n\tat io.appium.java_client.pagefactory.AppiumElementLocator.lambda$findElement$0(AppiumElementLocator.java:119)\n\tat io.appium.java_client.pagefactory.AppiumElementLocator$WaitingFunction.apply(AppiumElementLocator.java:171)\n\tat io.appium.java_client.pagefactory.AppiumElementLocator$WaitingFunction.apply(AppiumElementLocator.java:164)\n\tat org.openqa.selenium.support.ui.FluentWait.until(FluentWait.java:205)\n\tat io.appium.java_client.pagefactory.AppiumElementLocator.waitFor(AppiumElementLocator.java:98)\n\tat io.appium.java_client.pagefactory.AppiumElementLocator.findElement(AppiumElementLocator.java:118)\n\tat io.appium.java_client.pagefactory.interceptors.InterceptorOfASingleElement.call(InterceptorOfASingleElement.java:54)\n\tat io.appium.java_client.proxy.Interceptor.intercept(Interceptor.java:75)\n\tat org.openqa.selenium.remote.RemoteWebElement$ByteBuddy$gFt2bxcU.getLocation(Unknown Source)\n\tat utils.element_helpers.ScrollHelpers.isElementWithinScreenView(ScrollHelpers.java:89)\n\tat utils.element_helpers.ScrollHelpers.iosScrollToElement(ScrollHelpers.java:76)\n\tat pages.DevSettings.DevSettingsiOS.SelectServer(DevSettingsiOS.java:77)\n\tat pages.DevSettings.DevSettingsiOS.setDevSetting(DevSettingsiOS.java:31)\n\tat core.Hooks.beforeAll(Hooks.java:224)\n\tat java.base/jdk.internal.reflect.NativeMethodAccessorImpl.invoke0(Native Method)\n\tat java.base/jdk.internal.reflect.NativeMethodAccessorImpl.invoke(NativeMethodAccessorImpl.java:77)\n\tat java.base/jdk.internal.reflect.DelegatingMethodAccessorImpl.invoke(DelegatingMethodAccessorImpl.java:43)\n\tat java.base/java.lang.reflect.Method.invoke(Method.java:568)\n\tat io.cucumber.java.Invoker.doInvoke(Invoker.java:66)\n\tat io.cucumber.java.Invoker.invoke(Invoker.java:24)\n\tat io.cucumber.java.AbstractGlueDefinition.invokeMethod(AbstractGlueDefinition.java:47)\n\tat io.cucumber.java.JavaHookDefinition.execute(JavaHookDefinition.java:64)\n\tat io.cucumber.core.runner.CoreHookDefinition.execute(CoreHookDefinition.java:46)\n\tat io.cucumber.core.runner.HookDefinitionMatch.runStep(HookDefinitionMatch.java:21)\n\tat io.cucumber.core.runner.ExecutionMode$1.execute(ExecutionMode.java:10)\n\tat io.cucumber.core.runner.TestStep.executeStep(TestStep.java:84)\n\tat io.cucumber.core.runner.TestStep.run(TestStep.java:56)\n\tat io.cucumber.core.runner.TestCase.run(TestCase.java:78)\n\tat io.cucumber.core.runner.Runner.runPickle(Runner.java:75)\n\tat io.cucumber.junit.platform.engine.CucumberEngineExecutionContext.lambda$runTestCase$4(CucumberEngineExecutionContext.java:112)\n\tat io.cucumber.core.runtime.CucumberExecutionContext.lambda$runTestCase$5(CucumberExecutionContext.java:137)\n\tat io.cucumber.core.runtime.RethrowingThrowableCollector.executeAndThrow(RethrowingThrowableCollector.java:23)\n\tat io.cucumber.core.runtime.CucumberExecutionContext.runTestCase(CucumberExecutionContext.java:137)\n\tat io.cucumber.junit.platform.engine.CucumberEngineExecutionContext.runTestCase(CucumberEngineExecutionContext.java:109)\n\tat io.cucumber.junit.platform.engine.NodeDescriptor$PickleDescriptor.execute(NodeDescriptor.java:168)\n\tat io.cucumber.junit.platform.engine.NodeDescriptor$PickleDescriptor.execute(NodeDescriptor.java:90)\n\tat org.junit.platform.engine.support.hierarchical.NodeTestTask.lambda$executeRecursively$6(NodeTestTask.java:151)\n\tat org.junit.platform.engine.support.hierarchical.ThrowableCollector.execute(ThrowableCollector.java:73)\n\tat org.junit.platform.engine.support.hierarchical.NodeTestTask.lambda$executeRecursively$8(NodeTestTask.java:141)\n\tat org.junit.platform.engine.support.hierarchical.Node.around(Node.java:137)\n\tat org.junit.platform.engine.support.hierarchical.NodeTestTask.lambda$executeRecursively$9(NodeTestTask.java:139)\n\tat org.junit.platform.engine.support.hierarchical.ThrowableCollector.execute(ThrowableCollector.java:73)\n\tat org.junit.platform.engine.support.hierarchical.NodeTestTask.executeRecursively(NodeTestTask.java:138)\n\tat org.junit.platform.engine.support.hierarchical.NodeTestTask.execute(NodeTestTask.java:95)\n\tat java.base/java.util.ArrayList.forEach(ArrayList.java:1511)\n\tat org.junit.platform.engine.support.hierarchical.SameThreadHierarchicalTestExecutorService.invokeAll(SameThreadHierarchicalTestExecutorService.java:41)\n\tat org.junit.platform.engine.support.hierarchical.NodeTestTask.lambda$executeRecursively$6(NodeTestTask.java:155)\n\tat org.junit.platform.engine.support.hierarchical.ThrowableCollector.execute(ThrowableCollector.java:73)\n\tat org.junit.platform.engine.support.hierarchical.NodeTestTask.lambda$executeRecursively$8(NodeTestTask.java:141)\n\tat org.junit.platform.engine.support.hierarchical.Node.around(Node.java:137)\n\tat org.junit.platform.engine.support.hierarchical.NodeTestTask.lambda$executeRecursively$9(NodeTestTask.java:139)\n\tat org.junit.platform.engine.support.hierarchical.ThrowableCollector.execute(ThrowableCollector.java:73)\n\tat org.junit.platform.engine.support.hierarchical.NodeTestTask.executeRecursively(NodeTestTask.java:138)\n\tat org.junit.platform.engine.support.hierarchical.NodeTestTask.execute(NodeTestTask.java:95)\n\tat java.base/java.util.ArrayList.forEach(ArrayList.java:1511)\n\tat org.junit.platform.engine.support.hierarchical.SameThreadHierarchicalTestExecutorService.invokeAll(SameThreadHierarchicalTestExecutorService.java:41)\n\tat org.junit.platform.engine.support.hierarchical.NodeTestTask.lambda$executeRecursively$6(NodeTestTask.java:155)\n\tat org.junit.platform.engine.support.hierarchical.ThrowableCollector.execute(ThrowableCollector.java:73)\n\tat org.junit.platform.engine.support.hierarchical.NodeTestTask.lambda$executeRecursively$8(NodeTestTask.java:141)\n\tat org.junit.platform.engine.support.hierarchical.Node.around(Node.java:137)\n\tat org.junit.platform.engine.support.hierarchical.NodeTestTask.lambda$executeRecursively$9(NodeTestTask.java:139)\n\tat org.junit.platform.engine.support.hierarchical.ThrowableCollector.execute(ThrowableCollector.java:73)\n\tat org.junit.platform.engine.support.hierarchical.NodeTestTask.executeRecursively(NodeTestTask.java:138)\n\tat org.junit.platform.engine.support.hierarchical.NodeTestTask.execute(NodeTestTask.java:95)\n\tat org.junit.platform.engine.support.hierarchical.SameThreadHierarchicalTestExecutorService.submit(SameThreadHierarchicalTestExecutorService.java:35)\n\tat org.junit.platform.engine.support.hierarchical.HierarchicalTestExecutor.execute(HierarchicalTestExecutor.java:57)\n\tat org.junit.platform.engine.support.hierarchical.HierarchicalTestEngine.execute(HierarchicalTestEngine.java:54)\n\tat org.junit.platform.launcher.core.EngineExecutionOrchestrator.execute(EngineExecutionOrchestrator.java:147)\n\tat org.junit.platform.launcher.core.EngineExecutionOrchestrator.execute(EngineExecutionOrchestrator.java:127)\n\tat org.junit.platform.launcher.core.EngineExecutionOrchestrator.execute(EngineExecutionOrchestrator.java:90)\n\tat org.junit.platform.launcher.core.EngineExecutionOrchestrator.lambda$execute$0(EngineExecutionOrchestrator.java:55)\n\tat org.junit.platform.launcher.core.EngineExecutionOrchestrator.withInterceptedStreams(EngineExecutionOrchestrator.java:102)\n\tat org.junit.platform.launcher.core.EngineExecutionOrchestrator.execute(EngineExecutionOrchestrator.java:54)\n\tat org.junit.platform.launcher.core.DefaultLauncher.execute(DefaultLauncher.java:114)\n\tat org.junit.platform.launcher.core.DefaultLauncher.execute(DefaultLauncher.java:86)\n\tat org.junit.platform.launcher.core.DefaultLauncherSession$DelegatingLauncher.execute(DefaultLauncherSession.java:86)\n\tat org.apache.maven.surefire.junitplatform.LazyLauncher.execute(LazyLauncher.java:55)\n\tat org.apache.maven.surefire.junitplatform.JUnitPlatformProvider.execute(JUnitPlatformProvider.java:223)\n\tat org.apache.maven.surefire.junitplatform.JUnitPlatformProvider.invokeAllTests(JUnitPlatformProvider.java:175)\n\tat org.apache.maven.surefire.junitplatform.JUnitPlatformProvider.invoke(JUnitPlatformProvider.java:139)\n\tat org.apache.maven.surefire.booter.ForkedBooter.runSuitesInProcess(ForkedBooter.java:456)\n\tat org.apache.maven.surefire.booter.ForkedBooter.execute(ForkedBooter.java:169)\n\tat org.apache.maven.surefire.booter.ForkedBooter.run(ForkedBooter.java:595)\n\tat org.apache.maven.surefire.booter.ForkedBooter.main(ForkedBooter.java:581)\n"},"stage":"finished","steps":[{"name":"Given  I am MVA user and logged in using Soft Login","status":"skipped","statusDetails":{"known":false,"muted":false,"flaky":false},"stage":"finished","steps":[],"attachments":[],"parameters":[],"start":1703497169773,"stop":1703497169774},{"name":"Then  I should be navigated to dashboard","status":"skipped","statusDetails":{"known":false,"muted":false,"flaky":false},"stage":"finished","steps":[],"attachments":[],"parameters":[],"start":1703497169775,"stop":1703497169775},{"name":"When  scroll to quick links","status":"skipped","statusDetails":{"known":false,"muted":false,"flaky":false},"stage":"finished","steps":[],"attachments":[],"parameters":[],"start":1703497169775,"stop":1703497169776},{"name":"When  I click on Renew Early from quick links","status":"skipped","statusDetails":{"known":false,"muted":false,"flaky":false},"stage":"finished","steps":[],"attachments":[],"parameters":[],"start":1703497169776,"stop":1703497169776},{"name":"Then  I should be directed to Renew_plan_early_overlay","status":"skipped","statusDetails":{"known":false,"muted":false,"flaky":false},"stage":"finished","steps":[],"attachments":[],"parameters":[],"start":1703497169776,"stop":1703497169776},{"name":"And  I Should Validate Renew plan early overlay UI","status":"skipped","statusDetails":{"known":false,"muted":false,"flaky":false},"stage":"finished","steps":[],"attachments":[],"parameters":[],"start":1703497169776,"stop":1703497169776}],"attachments":[],"parameters":[],"start":1703497034759,"stop":1703497171284}